<?xml version="1.0" encoding="UTF-8"?>
<testng-results ignored="0" total="1" passed="1" failed="0" skipped="0">
  <reporter-output>
  </reporter-output>
  <suite started-at="2024-04-04T11:26:33 IST" name="Default suite" finished-at="2024-04-04T11:26:33 IST" duration-ms="44">
    <groups>
    </groups>
    <test started-at="2024-04-04T11:26:33 IST" name="Default test" finished-at="2024-04-04T11:26:33 IST" duration-ms="44">
      <class name="Intro.Child">
        <test-method is-config="true" signature="beforemethod()[pri:0, instance:Intro.Child@9353778]" started-at="2024-04-04T11:26:33 IST" name="beforemethod" finished-at="2024-04-04T11:26:33 IST" duration-ms="5" status="PASS">
          <reporter-output>
          </reporter-output>
        </test-method> <!-- beforemethod -->
        <test-method signature="myname()[pri:0, instance:Intro.Child@9353778]" started-at="2024-04-04T11:26:33 IST" name="myname" finished-at="2024-04-04T11:26:33 IST" duration-ms="8" status="PASS">
          <reporter-output>
          </reporter-output>
        </test-method> <!-- myname -->
        <test-method is-config="true" signature="aftermethod()[pri:0, instance:Intro.Child@9353778]" started-at="2024-04-04T11:26:33 IST" name="aftermethod" finished-at="2024-04-04T11:26:33 IST" duration-ms="0" status="PASS">
          <reporter-output>
          </reporter-output>
        </test-method> <!-- aftermethod -->
      </class> <!-- Intro.Child -->
    </test> <!-- Default test -->
  </suite> <!-- Default suite -->
</testng-results>
