<?xml version="1.0" encoding="UTF-8"?>
<testng-results total="3" passed="3" failed="0" skipped="0">
  <reporter-output>
  </reporter-output>
  <suite started-at="2024-04-02T14:05:38Z" name="Default suite" finished-at="2024-04-02T14:05:38Z" duration-ms="46">
    <groups>
    </groups>
    <test started-at="2024-04-02T14:05:38Z" name="Default test" finished-at="2024-04-02T14:05:38Z" duration-ms="46">
      <class name="Strems.Stream_example_1">
        <test-method signature="Streamcollect()[pri:0, instance:Strems.Stream_example_1@ae3540e]" started-at="2024-04-02T19:35:38Z" name="Streamcollect" finished-at="2024-04-02T19:35:38Z" duration-ms="14" status="PASS">
          <reporter-output>
          </reporter-output>
        </test-method> <!-- Streamcollect -->
        <test-method signature="regular()[pri:0, instance:Strems.Stream_example_1@ae3540e]" started-at="2024-04-02T19:35:38Z" name="regular" finished-at="2024-04-02T19:35:38Z" duration-ms="2" status="PASS">
          <reporter-output>
          </reporter-output>
        </test-method> <!-- regular -->
        <test-method signature="streamfilter()[pri:0, instance:Strems.Stream_example_1@ae3540e]" started-at="2024-04-02T19:35:38Z" name="streamfilter" finished-at="2024-04-02T19:35:38Z" duration-ms="10" status="PASS">
          <reporter-output>
          </reporter-output>
        </test-method> <!-- streamfilter -->
      </class> <!-- Strems.Stream_example_1 -->
    </test> <!-- Default test -->
  </suite> <!-- Default suite -->
</testng-results>
